Using pre-set license
Built from '2020.2/staging' branch; Version is '2020.2.7f1 (c53830e277f1) revision 12924976'; Using compiler version '192528614'; Build Type 'Release'
OS: 'Windows 10 Pro; OS build 19041.1110; Version 2004; 64bit' Language: 'ru' Physical Memory: 6091 MB
BatchMode: 1, IsHumanControllingUs: 0, StartBugReporterOnCrash: 0, Is64bit: 1, IsPro: 0

 COMMAND LINE ARGUMENTS:
C:\Program Files\Unity\Hub\Editor\2020.2.7f1\Editor\Unity.exe
-adb2
-batchMode
-noUpm
-name
AssetImportWorker1
-projectPath
D:/UnityProjects/Lesson1.OOP/RollaBall
-logFile
Logs/AssetImportWorker1.log
-srvPort
54010
Successfully changed project path to: D:/UnityProjects/Lesson1.OOP/RollaBall
D:/UnityProjects/Lesson1.OOP/RollaBall
Using Asset Import Pipeline V2.
Refreshing native plugins compatible for Editor in 60.11 ms, found 0 plugins.
Preloading 0 native plugins for Editor in 0.00 ms.
Initialize engine version: 2020.2.7f1 (c53830e277f1)
[Subsystems] Discovering subsystems at path C:/Program Files/Unity/Hub/Editor/2020.2.7f1/Editor/Data/Resources/UnitySubsystems
[Subsystems] Discovering subsystems at path D:/UnityProjects/Lesson1.OOP/RollaBall/Assets
GfxDevice: creating device client; threaded=0
Direct3D:
    Version:  Direct3D 11.0 [level 11.1]
    Renderer: AMD Radeon(TM) Vega 8 Graphics (ID=0x15d8)
    Vendor:   
    VRAM:     3045 MB
    Driver:   27.20.22001.14011
Initialize mono
Mono path[0] = 'C:/Program Files/Unity/Hub/Editor/2020.2.7f1/Editor/Data/Managed'
Mono path[1] = 'C:/Program Files/Unity/Hub/Editor/2020.2.7f1/Editor/Data/MonoBleedingEdge/lib/mono/unityjit'
Mono config path = 'C:/Program Files/Unity/Hub/Editor/2020.2.7f1/Editor/Data/MonoBleedingEdge/etc'
Using monoOptions --debugger-agent=transport=dt_socket,embedding=1,server=y,suspend=n,address=127.0.0.1:56700
Begin MonoManager ReloadAssembly
Registering precompiled unity dll's ...
Register platform support module: C:/Program Files/Unity/Hub/Editor/2020.2.7f1/Editor/Data/PlaybackEngines/WindowsStandaloneSupport/UnityEditor.WindowsStandalone.Extensions.dll
Registered in 0.007116 seconds.
Native extension for WindowsStandalone target not found
Refreshing native plugins compatible for Editor in 61.23 ms, found 0 plugins.
Preloading 0 native plugins for Editor in 0.00 ms.
Invoked RoslynAnalysisRunner static constructor.
RoslynAnalysisRunner will not be running.
RoslynAnalysisRunner has terminated.
Mono: successfully reloaded assembly
- Completed reload, in  5.952 seconds
Platform modules already initialized, skipping
Registering precompiled user dll's ...
Registered in 0.001398 seconds.
Begin MonoManager ReloadAssembly
Native extension for WindowsStandalone target not found
Refreshing native plugins compatible for Editor in 0.55 ms, found 0 plugins.
Preloading 0 native plugins for Editor in 0.00 ms.
Invoked RoslynAnalysisRunner static constructor.
RoslynAnalysisRunner will not be running.
RoslynAnalysisRunner has terminated.
Mono: successfully reloaded assembly
- Completed reload, in  5.458 seconds
Platform modules already initialized, skipping
========================================================================
Worker process is ready to serve import requests
Launched and connected shader compiler UnityShaderCompiler.exe after 0.20 seconds
Refreshing native plugins compatible for Editor in 0.49 ms, found 0 plugins.
Preloading 0 native plugins for Editor in 0.00 ms.
Unloading 1117 Unused Serialized files (Serialized files now loaded: 0)
System memory in use before: 57.1 MB.
System memory in use after: 57.1 MB.

Unloading 11 unused Assets to reduce memory usage. Loaded Objects now: 1558.
Total: 4.643400 ms (FindLiveObjects: 0.369000 ms CreateObjectMapping: 0.053300 ms MarkObjects: 3.859800 ms  DeleteObjects: 0.356400 ms)

========================================================================
Received Prepare
Registering precompiled user dll's ...
Registered in 0.001555 seconds.
Begin MonoManager ReloadAssembly
Native extension for WindowsStandalone target not found
Refreshing native plugins compatible for Editor in 0.66 ms, found 0 plugins.
Preloading 0 native plugins for Editor in 0.00 ms.
Invoked RoslynAnalysisRunner static constructor.
RoslynAnalysisRunner will not be running.
RoslynAnalysisRunner has terminated.
Mono: successfully reloaded assembly
- Completed reload, in  1.884 seconds
Platform modules already initialized, skipping
Refreshing native plugins compatible for Editor in 0.88 ms, found 0 plugins.
Preloading 0 native plugins for Editor in 0.00 ms.
Unloading 1111 Unused Serialized files (Serialized files now loaded: 0)
System memory in use before: 57.0 MB.
System memory in use after: 57.0 MB.

Unloading 5 unused Assets to reduce memory usage. Loaded Objects now: 1561.
Total: 7.015500 ms (FindLiveObjects: 1.019600 ms CreateObjectMapping: 0.498800 ms MarkObjects: 5.341300 ms  DeleteObjects: 0.151700 ms)

========================================================================
Received Import Request.
  path: Assets/Codes/InterectiveObject.cs
  artifactKey: Guid(ebb23facaba39d74f85efdc891110c23) Importer(815301076,1909f56bfc062723c751e8b465ee728b)
Start importing Assets/Codes/InterectiveObject.cs using Guid(ebb23facaba39d74f85efdc891110c23) Importer(815301076,1909f56bfc062723c751e8b465ee728b)  -> (artifact id: 'b79a977bb9f4987ad8252a741095ebc6') in 0.041844 seconds
  Import took 0.071516 seconds .

========================================================================
Received Prepare
Registering precompiled user dll's ...
Registered in 0.000856 seconds.
Begin MonoManager ReloadAssembly
Native extension for WindowsStandalone target not found
Refreshing native plugins compatible for Editor in 0.28 ms, found 0 plugins.
Preloading 0 native plugins for Editor in 0.00 ms.
Invoked RoslynAnalysisRunner static constructor.
RoslynAnalysisRunner will not be running.
RoslynAnalysisRunner has terminated.
Mono: successfully reloaded assembly
- Completed reload, in  0.988 seconds
Platform modules already initialized, skipping
Refreshing native plugins compatible for Editor in 0.30 ms, found 0 plugins.
Preloading 0 native plugins for Editor in 0.00 ms.
Unloading 1112 Unused Serialized files (Serialized files now loaded: 0)
System memory in use before: 57.0 MB.
System memory in use after: 57.1 MB.

Unloading 5 unused Assets to reduce memory usage. Loaded Objects now: 1565.
Total: 2.403500 ms (FindLiveObjects: 0.187400 ms CreateObjectMapping: 0.036700 ms MarkObjects: 2.096500 ms  DeleteObjects: 0.081100 ms)

========================================================================
Received Import Request.
  Time since last request: 408.270940 seconds.
  path: Assets/Materials/PlayerMaterial.mat
  artifactKey: Guid(6f031a2f77a3a1b47b761dc4e0685412) Importer(815301076,1909f56bfc062723c751e8b465ee728b)
Start importing Assets/Materials/PlayerMaterial.mat using Guid(6f031a2f77a3a1b47b761dc4e0685412) Importer(815301076,1909f56bfc062723c751e8b465ee728b)  -> (artifact id: 'c76fd02d10de43e11748eeffe5826be9') in 0.708520 seconds
  Import took 0.734832 seconds .

========================================================================
Received Import Request.
  Time since last request: 23.482261 seconds.
  path: Assets/Materials/GoodBonus.mat
  artifactKey: Guid(dc7edea9bdbeeb140949251a3b58a848) Importer(815301076,1909f56bfc062723c751e8b465ee728b)
Start importing Assets/Materials/GoodBonus.mat using Guid(dc7edea9bdbeeb140949251a3b58a848) Importer(815301076,1909f56bfc062723c751e8b465ee728b)  -> (artifact id: '668d39570237179f6a71e3138a9ad8bd') in 0.028089 seconds
  Import took 0.035640 seconds .

========================================================================
Received Import Request.
  Time since last request: 74.877643 seconds.
  path: Assets/Materials/BadBonus.mat
  artifactKey: Guid(5362d7c5b0a76eb4483eac6f046e3a8f) Importer(815301076,1909f56bfc062723c751e8b465ee728b)
Start importing Assets/Materials/BadBonus.mat using Guid(5362d7c5b0a76eb4483eac6f046e3a8f) Importer(815301076,1909f56bfc062723c751e8b465ee728b)  -> (artifact id: '494826767e8a37c9ea62c1413dcb93f4') in 0.025013 seconds
  Import took 0.041512 seconds .

========================================================================
Received Import Request.
  Time since last request: 53.119156 seconds.
  path: Assets/Codes/GoodBonus.cs
  artifactKey: Guid(fff5f601c7fde1b438487bb6b3ada1b3) Importer(815301076,1909f56bfc062723c751e8b465ee728b)
Start importing Assets/Codes/GoodBonus.cs using Guid(fff5f601c7fde1b438487bb6b3ada1b3) Importer(815301076,1909f56bfc062723c751e8b465ee728b)  -> (artifact id: '04261a47e0c323abd8ce3f860bd33ee3') in 0.002929 seconds
  Import took 0.019595 seconds .

========================================================================
Received Prepare
Registering precompiled user dll's ...
Registered in 0.000914 seconds.
Begin MonoManager ReloadAssembly
Native extension for WindowsStandalone target not found
Refreshing native plugins compatible for Editor in 0.28 ms, found 0 plugins.
Preloading 0 native plugins for Editor in 0.00 ms.
Invoked RoslynAnalysisRunner static constructor.
RoslynAnalysisRunner will not be running.
RoslynAnalysisRunner has terminated.
Mono: successfully reloaded assembly
- Completed reload, in  1.068 seconds
Platform modules already initialized, skipping
Refreshing native plugins compatible for Editor in 0.31 ms, found 0 plugins.
Preloading 0 native plugins for Editor in 0.00 ms.
Unloading 1113 Unused Serialized files (Serialized files now loaded: 0)
System memory in use before: 60.4 MB.
System memory in use after: 60.5 MB.

Unloading 5 unused Assets to reduce memory usage. Loaded Objects now: 1609.
Total: 2.595000 ms (FindLiveObjects: 0.285700 ms CreateObjectMapping: 0.046300 ms MarkObjects: 2.177500 ms  DeleteObjects: 0.083200 ms)

========================================================================
Received Import Request.
  Time since last request: 101.268160 seconds.
  path: Assets/Codes/Interfaces
  artifactKey: Guid(fe32a178ee78a844b97d78e7126adba4) Importer(815301076,1909f56bfc062723c751e8b465ee728b)
Start importing Assets/Codes/Interfaces using Guid(fe32a178ee78a844b97d78e7126adba4) Importer(815301076,1909f56bfc062723c751e8b465ee728b)  -> (artifact id: '0ea6eeed3d9e7ca4b6b10b6338fd8b0c') in 0.012616 seconds
  Import took 0.037390 seconds .

========================================================================
Received Import Request.
  Time since last request: 51.603510 seconds.
  path: Assets/Codes/Interfaces/IFlay.cs
  artifactKey: Guid(062e66b0002b7c245860706447863cec) Importer(815301076,1909f56bfc062723c751e8b465ee728b)
Start importing Assets/Codes/Interfaces/IFlay.cs using Guid(062e66b0002b7c245860706447863cec) Importer(815301076,1909f56bfc062723c751e8b465ee728b)  -> (artifact id: '6a23ea83d0b720e86e4168e7972da93a') in 0.010932 seconds
  Import took 0.015350 seconds .

========================================================================
Received Prepare
Registering precompiled user dll's ...
Registered in 0.000941 seconds.
Begin MonoManager ReloadAssembly
Native extension for WindowsStandalone target not found
Refreshing native plugins compatible for Editor in 0.28 ms, found 0 plugins.
Preloading 0 native plugins for Editor in 0.00 ms.
Invoked RoslynAnalysisRunner static constructor.
RoslynAnalysisRunner will not be running.
RoslynAnalysisRunner has terminated.
Mono: successfully reloaded assembly
- Completed reload, in  1.074 seconds
Platform modules already initialized, skipping
Refreshing native plugins compatible for Editor in 0.36 ms, found 0 plugins.
Preloading 0 native plugins for Editor in 0.00 ms.
Unloading 1114 Unused Serialized files (Serialized files now loaded: 0)
System memory in use before: 60.4 MB.
System memory in use after: 60.5 MB.

Unloading 5 unused Assets to reduce memory usage. Loaded Objects now: 1613.
Total: 2.336700 ms (FindLiveObjects: 0.221000 ms CreateObjectMapping: 0.038200 ms MarkObjects: 1.997100 ms  DeleteObjects: 0.078200 ms)

========================================================================
Received Import Request.
  Time since last request: 23.052938 seconds.
  path: Assets/Codes/Interfaces/IRotation.cs
  artifactKey: Guid(a9a4923f3c8da274dae9e9cf3ed46fa6) Importer(815301076,1909f56bfc062723c751e8b465ee728b)
Start importing Assets/Codes/Interfaces/IRotation.cs using Guid(a9a4923f3c8da274dae9e9cf3ed46fa6) Importer(815301076,1909f56bfc062723c751e8b465ee728b)  -> (artifact id: 'b98a4d77ca381656a7efaa23c01c4e02') in 0.013080 seconds
  Import took 0.126105 seconds .

========================================================================
Received Prepare
Registering precompiled user dll's ...
Registered in 0.000998 seconds.
Begin MonoManager ReloadAssembly
Native extension for WindowsStandalone target not found
Refreshing native plugins compatible for Editor in 0.27 ms, found 0 plugins.
Preloading 0 native plugins for Editor in 0.00 ms.
Invoked RoslynAnalysisRunner static constructor.
RoslynAnalysisRunner will not be running.
RoslynAnalysisRunner has terminated.
Mono: successfully reloaded assembly
- Completed reload, in  1.055 seconds
Platform modules already initialized, skipping
Refreshing native plugins compatible for Editor in 0.28 ms, found 0 plugins.
Preloading 0 native plugins for Editor in 0.00 ms.
Unloading 1115 Unused Serialized files (Serialized files now loaded: 0)
System memory in use before: 60.5 MB.
System memory in use after: 60.5 MB.

Unloading 5 unused Assets to reduce memory usage. Loaded Objects now: 1617.
Total: 2.402300 ms (FindLiveObjects: 0.198300 ms CreateObjectMapping: 0.036700 ms MarkObjects: 2.083100 ms  DeleteObjects: 0.082500 ms)

========================================================================
Received Import Request.
  Time since last request: 22.666809 seconds.
  path: Assets/Codes/Interfaces/IFlicker.cs
  artifactKey: Guid(6b052a3cf7203ad43bada1f69cb516bb) Importer(815301076,1909f56bfc062723c751e8b465ee728b)
Start importing Assets/Codes/Interfaces/IFlicker.cs using Guid(6b052a3cf7203ad43bada1f69cb516bb) Importer(815301076,1909f56bfc062723c751e8b465ee728b)  -> (artifact id: 'bd2eb1d5ef92d99854fd8cb6b841feb8') in 0.014681 seconds
  Import took 0.118614 seconds .

========================================================================
Received Prepare
Registering precompiled user dll's ...
Registered in 0.000767 seconds.
Begin MonoManager ReloadAssembly
Native extension for WindowsStandalone target not found
Refreshing native plugins compatible for Editor in 0.27 ms, found 0 plugins.
Preloading 0 native plugins for Editor in 0.00 ms.
Invoked RoslynAnalysisRunner static constructor.
RoslynAnalysisRunner will not be running.
RoslynAnalysisRunner has terminated.
Mono: successfully reloaded assembly
- Completed reload, in  1.049 seconds
Platform modules already initialized, skipping
Refreshing native plugins compatible for Editor in 0.28 ms, found 0 plugins.
Preloading 0 native plugins for Editor in 0.00 ms.
Unloading 1116 Unused Serialized files (Serialized files now loaded: 0)
System memory in use before: 60.5 MB.
System memory in use after: 60.6 MB.

Unloading 5 unused Assets to reduce memory usage. Loaded Objects now: 1621.
Total: 2.260100 ms (FindLiveObjects: 0.199000 ms CreateObjectMapping: 0.038100 ms MarkObjects: 1.944100 ms  DeleteObjects: 0.077500 ms)

========================================================================
Received Prepare
Registering precompiled user dll's ...
Registered in 0.000785 seconds.
Begin MonoManager ReloadAssembly
Native extension for WindowsStandalone target not found
Refreshing native plugins compatible for Editor in 0.39 ms, found 0 plugins.
Preloading 0 native plugins for Editor in 0.00 ms.
Invoked RoslynAnalysisRunner static constructor.
RoslynAnalysisRunner will not be running.
RoslynAnalysisRunner has terminated.
Mono: successfully reloaded assembly
- Completed reload, in  0.997 seconds
Platform modules already initialized, skipping
Refreshing native plugins compatible for Editor in 0.27 ms, found 0 plugins.
Preloading 0 native plugins for Editor in 0.00 ms.
Unloading 1116 Unused Serialized files (Serialized files now loaded: 0)
System memory in use before: 60.5 MB.
System memory in use after: 60.6 MB.

Unloading 5 unused Assets to reduce memory usage. Loaded Objects now: 1624.
Total: 2.347500 ms (FindLiveObjects: 0.210000 ms CreateObjectMapping: 0.036200 ms MarkObjects: 2.013500 ms  DeleteObjects: 0.086200 ms)

AssetImportWorkerClient::OnTransportError - code=2 error=End of file
