Using pre-set license
Built from '2020.2/staging' branch; Version is '2020.2.7f1 (c53830e277f1) revision 12924976'; Using compiler version '192528614'; Build Type 'Release'
OS: 'Windows 10 Pro; OS build 19041.1110; Version 2004; 64bit' Language: 'ru' Physical Memory: 6091 MB
BatchMode: 1, IsHumanControllingUs: 0, StartBugReporterOnCrash: 0, Is64bit: 1, IsPro: 0

 COMMAND LINE ARGUMENTS:
C:\Program Files\Unity\Hub\Editor\2020.2.7f1\Editor\Unity.exe
-adb2
-batchMode
-noUpm
-name
AssetImportWorker3
-projectPath
D:/UnityProjects/Lesson1.OOP/RollaBall
-logFile
Logs/AssetImportWorker3.log
-srvPort
55160
Successfully changed project path to: D:/UnityProjects/Lesson1.OOP/RollaBall
D:/UnityProjects/Lesson1.OOP/RollaBall
Using Asset Import Pipeline V2.
Refreshing native plugins compatible for Editor in 114.49 ms, found 0 plugins.
Preloading 0 native plugins for Editor in 0.00 ms.
Initialize engine version: 2020.2.7f1 (c53830e277f1)
[Subsystems] Discovering subsystems at path C:/Program Files/Unity/Hub/Editor/2020.2.7f1/Editor/Data/Resources/UnitySubsystems
[Subsystems] Discovering subsystems at path D:/UnityProjects/Lesson1.OOP/RollaBall/Assets
GfxDevice: creating device client; threaded=0
Direct3D:
    Version:  Direct3D 11.0 [level 11.1]
    Renderer: AMD Radeon(TM) Vega 8 Graphics (ID=0x15d8)
    Vendor:   
    VRAM:     3045 MB
    Driver:   27.20.22001.14011
Initialize mono
Mono path[0] = 'C:/Program Files/Unity/Hub/Editor/2020.2.7f1/Editor/Data/Managed'
Mono path[1] = 'C:/Program Files/Unity/Hub/Editor/2020.2.7f1/Editor/Data/MonoBleedingEdge/lib/mono/unityjit'
Mono config path = 'C:/Program Files/Unity/Hub/Editor/2020.2.7f1/Editor/Data/MonoBleedingEdge/etc'
Using monoOptions --debugger-agent=transport=dt_socket,embedding=1,server=y,suspend=n,address=127.0.0.1:56044
Begin MonoManager ReloadAssembly
Registering precompiled unity dll's ...
Register platform support module: C:/Program Files/Unity/Hub/Editor/2020.2.7f1/Editor/Data/PlaybackEngines/WindowsStandaloneSupport/UnityEditor.WindowsStandalone.Extensions.dll
Registered in 0.008147 seconds.
Native extension for WindowsStandalone target not found
Refreshing native plugins compatible for Editor in 42.86 ms, found 0 plugins.
Preloading 0 native plugins for Editor in 0.00 ms.
Invoked RoslynAnalysisRunner static constructor.
RoslynAnalysisRunner will not be running.
RoslynAnalysisRunner has terminated.
Mono: successfully reloaded assembly
- Completed reload, in 10.568 seconds
Platform modules already initialized, skipping
Registering precompiled user dll's ...
Registered in 0.012193 seconds.
Begin MonoManager ReloadAssembly
Native extension for WindowsStandalone target not found
Refreshing native plugins compatible for Editor in 0.49 ms, found 0 plugins.
Preloading 0 native plugins for Editor in 0.00 ms.
Invoked RoslynAnalysisRunner static constructor.
RoslynAnalysisRunner will not be running.
RoslynAnalysisRunner has terminated.
Mono: successfully reloaded assembly
- Completed reload, in  2.351 seconds
Platform modules already initialized, skipping
========================================================================
Worker process is ready to serve import requests
Launched and connected shader compiler UnityShaderCompiler.exe after 0.32 seconds
Refreshing native plugins compatible for Editor in 0.47 ms, found 0 plugins.
Preloading 0 native plugins for Editor in 0.00 ms.
Unloading 1121 Unused Serialized files (Serialized files now loaded: 0)
System memory in use before: 57.1 MB.
System memory in use after: 57.2 MB.

Unloading 10 unused Assets to reduce memory usage. Loaded Objects now: 1563.
Total: 12.130100 ms (FindLiveObjects: 0.327600 ms CreateObjectMapping: 0.106300 ms MarkObjects: 10.812000 ms  DeleteObjects: 0.878900 ms)

========================================================================
Received Import Request.
  path: Assets/Codes/GoodBonus.cs
  artifactKey: Guid(fff5f601c7fde1b438487bb6b3ada1b3) Importer(815301076,1909f56bfc062723c751e8b465ee728b)
Start importing Assets/Codes/GoodBonus.cs using Guid(fff5f601c7fde1b438487bb6b3ada1b3) Importer(815301076,1909f56bfc062723c751e8b465ee728b)  -> (artifact id: 'ae88fbdc769bf71bf70888bf556e888f') in 0.090233 seconds
  Import took 0.158681 seconds .

========================================================================
Received Import Request.
  Time since last request: 774.689735 seconds.
  path: Assets/Codes/GoodBonus.cs
  artifactKey: Guid(fff5f601c7fde1b438487bb6b3ada1b3) Importer(815301076,1909f56bfc062723c751e8b465ee728b)
Start importing Assets/Codes/GoodBonus.cs using Guid(fff5f601c7fde1b438487bb6b3ada1b3) Importer(815301076,1909f56bfc062723c751e8b465ee728b)  -> (artifact id: '90a183d11fc0fc8da175cc28c119e5ff') in 0.006485 seconds
  Import took 0.012280 seconds .

========================================================================
Received Import Request.
  Time since last request: 0.125345 seconds.
  path: Assets/Codes/GoodBonus.cs
  artifactKey: Guid(fff5f601c7fde1b438487bb6b3ada1b3) Importer(815301076,1909f56bfc062723c751e8b465ee728b)
Start importing Assets/Codes/GoodBonus.cs using Guid(fff5f601c7fde1b438487bb6b3ada1b3) Importer(815301076,1909f56bfc062723c751e8b465ee728b)  -> (artifact id: '90a183d11fc0fc8da175cc28c119e5ff') in 0.007980 seconds
  Import took 0.015627 seconds .

========================================================================
Received Prepare
Registering precompiled user dll's ...
Registered in 0.001949 seconds.
Begin MonoManager ReloadAssembly
Native extension for WindowsStandalone target not found
Refreshing native plugins compatible for Editor in 0.49 ms, found 0 plugins.
Preloading 0 native plugins for Editor in 0.00 ms.
Invoked RoslynAnalysisRunner static constructor.
RoslynAnalysisRunner will not be running.
RoslynAnalysisRunner has terminated.
Mono: successfully reloaded assembly
- Completed reload, in  1.782 seconds
Platform modules already initialized, skipping
Refreshing native plugins compatible for Editor in 0.48 ms, found 0 plugins.
Preloading 0 native plugins for Editor in 0.00 ms.
Unloading 1116 Unused Serialized files (Serialized files now loaded: 0)
System memory in use before: 57.1 MB.
System memory in use after: 57.2 MB.

Unloading 5 unused Assets to reduce memory usage. Loaded Objects now: 1566.
Total: 4.378900 ms (FindLiveObjects: 0.334000 ms CreateObjectMapping: 0.074000 ms MarkObjects: 3.811200 ms  DeleteObjects: 0.156600 ms)

========================================================================
Received Prepare
Registering precompiled user dll's ...
Registered in 0.008367 seconds.
Begin MonoManager ReloadAssembly
Native extension for WindowsStandalone target not found
Refreshing native plugins compatible for Editor in 0.57 ms, found 0 plugins.
Preloading 0 native plugins for Editor in 0.00 ms.
Invoked RoslynAnalysisRunner static constructor.
RoslynAnalysisRunner will not be running.
RoslynAnalysisRunner has terminated.
Mono: successfully reloaded assembly
- Completed reload, in  2.131 seconds
Platform modules already initialized, skipping
Refreshing native plugins compatible for Editor in 0.49 ms, found 0 plugins.
Preloading 0 native plugins for Editor in 0.00 ms.
Unloading 1116 Unused Serialized files (Serialized files now loaded: 0)
System memory in use before: 57.1 MB.
System memory in use after: 57.2 MB.

Unloading 5 unused Assets to reduce memory usage. Loaded Objects now: 1569.
Total: 4.502100 ms (FindLiveObjects: 0.479400 ms CreateObjectMapping: 0.150100 ms MarkObjects: 3.715200 ms  DeleteObjects: 0.154500 ms)

========================================================================
Received Import Request.
  Time since last request: 3761.256595 seconds.
  path: Assets/Codes/BadBonus.cs
  artifactKey: Guid(cc4458b4cd3794a488e6d161bc41eefd) Importer(815301076,1909f56bfc062723c751e8b465ee728b)
Start importing Assets/Codes/BadBonus.cs using Guid(cc4458b4cd3794a488e6d161bc41eefd) Importer(815301076,1909f56bfc062723c751e8b465ee728b)  -> (artifact id: '52a21ab8b9cb1de2e45280cf23f9cb1b') in 0.039436 seconds
  Import took 0.046364 seconds .

========================================================================
Received Import Request.
  Time since last request: 1461.174105 seconds.
  path: Assets/Codes/GamtController.cs
  artifactKey: Guid(38fe8f5dfac83b749ae20359549534e2) Importer(815301076,1909f56bfc062723c751e8b465ee728b)
Start importing Assets/Codes/GamtController.cs using Guid(38fe8f5dfac83b749ae20359549534e2) Importer(815301076,1909f56bfc062723c751e8b465ee728b)  -> (artifact id: 'cb62969a853830796c9de888e1f73d71') in 0.022602 seconds
  Import took 0.029917 seconds .

========================================================================
Received Import Request.
  Time since last request: 4556.722151 seconds.
  path: Assets/Codes/GamtController.cs
  artifactKey: Guid(38fe8f5dfac83b749ae20359549534e2) Importer(815301076,1909f56bfc062723c751e8b465ee728b)
Start importing Assets/Codes/GamtController.cs using Guid(38fe8f5dfac83b749ae20359549534e2) Importer(815301076,1909f56bfc062723c751e8b465ee728b)  -> (artifact id: '0366dfedf8ed757ba77d2e3f53866c85') in 0.135134 seconds
  Import took 0.140585 seconds .

========================================================================
Received Import Request.
  Time since last request: 26.435879 seconds.
  path: Assets/Codes/InteractiveObject.cs
  artifactKey: Guid(ebb23facaba39d74f85efdc891110c23) Importer(815301076,1909f56bfc062723c751e8b465ee728b)
Start importing Assets/Codes/InteractiveObject.cs using Guid(ebb23facaba39d74f85efdc891110c23) Importer(815301076,1909f56bfc062723c751e8b465ee728b)  -> (artifact id: 'f474e35d6c930a638b36d6b7c810bf81') in 0.020674 seconds
  Import took 0.026661 seconds .

========================================================================
Received Import Request.
  Time since last request: 74.891070 seconds.
  path: Assets/Codes/InteractiveObject.cs
  artifactKey: Guid(ebb23facaba39d74f85efdc891110c23) Importer(815301076,1909f56bfc062723c751e8b465ee728b)
Start importing Assets/Codes/InteractiveObject.cs using Guid(ebb23facaba39d74f85efdc891110c23) Importer(815301076,1909f56bfc062723c751e8b465ee728b)  -> (artifact id: '8522fc9fc0ca93c17bd6331b7daf86a9') in 0.006288 seconds
  Import took 0.011159 seconds .

AssetImportWorkerClient::OnTransportError - code=2 error=End of file
